<?xml version="1.0" encoding="utf-8"?>
<CoverageSession>
  <Summary numSequencePoints="9" visitedSequencePoints="3" numBranchPoints="0" visitedBranchPoints="0" sequenceCoverage="33.33" branchCoverage="100" maxCyclomaticComplexity="3" minCyclomaticComplexity="3" visitedClasses="1" numClasses="1" visitedMethods="1" numMethods="3" />
  <Modules>
    <Module hash="016ABF24-ACA1-4482-BFF5-5D2EAACF7BD4">
      <ModulePath>MyLibrary.dll</ModulePath>
      <ModuleTime>2022-01-13T06:23:24</ModuleTime>
      <ModuleName>MyLibrary</ModuleName>
      <Files>
        <File uid="1" fullPath="C:\MyWork\dotnet\coverlet-playground\src\MyLibrary\MyClass.cs" />
      </Files>
      <Classes>
        <Class>
          <Summary numSequencePoints="9" visitedSequencePoints="3" numBranchPoints="0" visitedBranchPoints="0" sequenceCoverage="33.33" branchCoverage="100" maxCyclomaticComplexity="1" minCyclomaticComplexity="1" visitedClasses="1" numClasses="1" visitedMethods="1" numMethods="3" />
          <FullName>MyLibrary.MyClass</FullName>
          <Methods>
            <Method cyclomaticComplexity="1" nPathComplexity="1" sequenceCoverage="100" branchCoverage="100" isConstructor="False" isGetter="False" isSetter="False" isStatic="True">
              <Summary numSequencePoints="3" visitedSequencePoints="3" numBranchPoints="0" visitedBranchPoints="0" sequenceCoverage="100" branchCoverage="100" maxCyclomaticComplexity="1" minCyclomaticComplexity="1" visitedClasses="0" numClasses="0" visitedMethods="1" numMethods="1" />
              <MetadataToken />
              <Name>System.Int32 MyLibrary.MyClass::Sum(System.Int32,System.Int32)</Name>
              <FileRef uid="1" />
              <SequencePoints>
                <SequencePoint vc="1" uspid="6" ordinal="0" sl="6" sc="1" el="6" ec="2" bec="0" bev="0" fileid="1" />
                <SequencePoint vc="1" uspid="7" ordinal="1" sl="7" sc="1" el="7" ec="2" bec="0" bev="0" fileid="1" />
                <SequencePoint vc="1" uspid="8" ordinal="2" sl="8" sc="1" el="8" ec="2" bec="0" bev="0" fileid="1" />
              </SequencePoints>
              <BranchPoints />
              <MethodPoint vc="3" uspid="0" p8:type="SequencePoint" ordinal="0" offset="0" sc="0" sl="6" ec="1" el="8" bec="0" bev="0" fileid="1" xmlns:p8="xsi" />
            </Method>
            <Method cyclomaticComplexity="1" nPathComplexity="1" sequenceCoverage="0" branchCoverage="100" isConstructor="False" isGetter="False" isSetter="False" isStatic="True">
              <Summary numSequencePoints="3" visitedSequencePoints="0" numBranchPoints="0" visitedBranchPoints="0" sequenceCoverage="0" branchCoverage="100" maxCyclomaticComplexity="1" minCyclomaticComplexity="1" visitedClasses="0" numClasses="0" visitedMethods="0" numMethods="1" />
              <MetadataToken />
              <Name>System.Boolean MyLibrary.MyClass::IsEven(System.Int32)</Name>
              <FileRef uid="1" />
              <SequencePoints>
                <SequencePoint vc="0" uspid="11" ordinal="0" sl="11" sc="1" el="11" ec="2" bec="0" bev="0" fileid="1" />
                <SequencePoint vc="0" uspid="12" ordinal="1" sl="12" sc="1" el="12" ec="2" bec="0" bev="0" fileid="1" />
                <SequencePoint vc="0" uspid="13" ordinal="2" sl="13" sc="1" el="13" ec="2" bec="0" bev="0" fileid="1" />
              </SequencePoints>
              <BranchPoints />
              <MethodPoint vc="0" uspid="0" p8:type="SequencePoint" ordinal="1" offset="1" sc="0" sl="11" ec="1" el="13" bec="0" bev="0" fileid="1" xmlns:p8="xsi" />
            </Method>
            <Method cyclomaticComplexity="1" nPathComplexity="1" sequenceCoverage="0" branchCoverage="100" isConstructor="False" isGetter="False" isSetter="False" isStatic="True">
              <Summary numSequencePoints="3" visitedSequencePoints="0" numBranchPoints="0" visitedBranchPoints="0" sequenceCoverage="0" branchCoverage="100" maxCyclomaticComplexity="1" minCyclomaticComplexity="1" visitedClasses="0" numClasses="0" visitedMethods="0" numMethods="1" />
              <MetadataToken />
              <Name>System.Boolean MyLibrary.MyClass::IsItEven(System.Int32)</Name>
              <FileRef uid="1" />
              <SequencePoints>
                <SequencePoint vc="0" uspid="16" ordinal="0" sl="16" sc="1" el="16" ec="2" bec="0" bev="0" fileid="1" />
                <SequencePoint vc="0" uspid="17" ordinal="1" sl="17" sc="1" el="17" ec="2" bec="0" bev="0" fileid="1" />
                <SequencePoint vc="0" uspid="18" ordinal="2" sl="18" sc="1" el="18" ec="2" bec="0" bev="0" fileid="1" />
              </SequencePoints>
              <BranchPoints />
              <MethodPoint vc="0" uspid="0" p8:type="SequencePoint" ordinal="2" offset="2" sc="0" sl="16" ec="1" el="18" bec="0" bev="0" fileid="1" xmlns:p8="xsi" />
            </Method>
          </Methods>
        </Class>
      </Classes>
    </Module>
  </Modules>
</CoverageSession>